0 info it worked if it ends with ok
1 verbose cli [ 'C:\\Program Files\\nodejs\\node.exe',
1 verbose cli   'C:\\Users\\daseinuxd.Dasein\\AppData\\Roaming\\npm\\node_modules\\npm\\bin\\npm-cli.js',
1 verbose cli   'install',
1 verbose cli   'echarts',
1 verbose cli   '--save' ]
2 info using npm@3.10.8
3 info using node@v6.6.0
4 silly loadCurrentTree Starting
5 silly install loadCurrentTree
6 silly install readLocalPackageData
7 silly fetchPackageMetaData echarts
8 silly fetchOtherPackageData echarts
9 silly cache add args [ 'echarts', null ]
10 verbose cache add spec echarts
11 silly cache add parsed spec Result {
11 silly cache add   raw: 'echarts',
11 silly cache add   scope: null,
11 silly cache add   escapedName: 'echarts',
11 silly cache add   name: null,
11 silly cache add   rawSpec: 'echarts',
11 silly cache add   spec: 'C:\\Users\\daseinuxd.Dasein\\PT_S\\da-data-viz\\echarts',
11 silly cache add   type: 'local' }
12 silly addLocalTarball shasum (computed) ba8ab5a0280b953aa97435ff8946cbcbb2755a27
13 verbose addTmpTarball C:\Users\daseinuxd.Dasein\PT_S\da-data-viz\echarts not in flight; adding
14 verbose correctMkdir C:\Users\daseinuxd.Dasein\AppData\Roaming\npm-cache correctMkdir not in flight; initializing
15 verbose addTmpTarball validating metadata from C:\Users\daseinuxd.Dasein\PT_S\da-data-viz\echarts
16 verbose tar unpack C:\Users\daseinuxd.Dasein\PT_S\da-data-viz\echarts
17 verbose tar unpacking to C:\Users\DASEIN~1.DAS\AppData\Local\Temp\npm-14672-1c211251\unpack-aa812613
18 silly gentlyRm C:\Users\DASEIN~1.DAS\AppData\Local\Temp\npm-14672-1c211251\unpack-aa812613 is being purged
19 verbose gentlyRm don't care about contents; nuking C:\Users\DASEIN~1.DAS\AppData\Local\Temp\npm-14672-1c211251\unpack-aa812613
20 silly gunzTarPerm modes [ '777', '666' ]
21 error not a package C:\Users\daseinuxd.Dasein\PT_S\da-data-viz\echarts
22 error addLocal Could not install C:\Users\daseinuxd.Dasein\PT_S\da-data-viz\echarts
23 silly fetchPackageMetaData Error: ENOENT: no such file or directory, open 'C:\Users\DASEIN~1.DAS\AppData\Local\Temp\npm-14672-1c211251\unpack-aa812613\package.json'
23 silly fetchPackageMetaData     at Error (native)
23 silly fetchPackageMetaData  error for echarts { Error: ENOENT: no such file or directory, open 'C:\Users\DASEIN~1.DAS\AppData\Local\Temp\npm-14672-1c211251\unpack-aa812613\package.json'
23 silly fetchPackageMetaData     at Error (native)
23 silly fetchPackageMetaData   errno: -4058,
23 silly fetchPackageMetaData   code: 'ENOENT',
23 silly fetchPackageMetaData   syscall: 'open',
23 silly fetchPackageMetaData   path: 'C:\\Users\\DASEIN~1.DAS\\AppData\\Local\\Temp\\npm-14672-1c211251\\unpack-aa812613\\package.json' }
24 silly rollbackFailedOptional Starting
25 silly rollbackFailedOptional Finishing
26 silly runTopLevelLifecycles Finishing
27 silly install printInstalled
28 verbose stack Error: ENOENT: no such file or directory, open 'C:\Users\DASEIN~1.DAS\AppData\Local\Temp\npm-14672-1c211251\unpack-aa812613\package.json'
28 verbose stack     at Error (native)
29 verbose cwd C:\Users\daseinuxd.Dasein\PT_S\da-data-viz
30 error Windows_NT 10.0.14393
31 error argv "C:\\Program Files\\nodejs\\node.exe" "C:\\Users\\daseinuxd.Dasein\\AppData\\Roaming\\npm\\node_modules\\npm\\bin\\npm-cli.js" "install" "echarts" "--save"
32 error node v6.6.0
33 error npm  v3.10.8
34 error path C:\Users\DASEIN~1.DAS\AppData\Local\Temp\npm-14672-1c211251\unpack-aa812613\package.json
35 error code ENOENT
36 error errno -4058
37 error syscall open
38 error enoent ENOENT: no such file or directory, open 'C:\Users\DASEIN~1.DAS\AppData\Local\Temp\npm-14672-1c211251\unpack-aa812613\package.json'
39 error enoent ENOENT: no such file or directory, open 'C:\Users\DASEIN~1.DAS\AppData\Local\Temp\npm-14672-1c211251\unpack-aa812613\package.json'
39 error enoent This is most likely not a problem with npm itself
39 error enoent and is related to npm not being able to find a file.
40 verbose exit [ -4058, true ]
